<?xml version="1.0" encoding="UTF-8"?>
<!-- Generated by org.testng.reporters.JUnitReportReporter -->
<testsuite hostname="DESKTOP-H9QHVGK" name="TestCases.VerifyLoginBoxClose" tests="2" failures="0" timestamp="18 Oct 2018 17:48:43 GMT" time="74.553" errors="0">
  <testcase name="VerifyEscClose" time="24.934" classname="TestCases.VerifyLoginBoxClose"/>
  <testcase name="VerifyClickClose" time="49.619" classname="TestCases.VerifyLoginBoxClose"/>
</testsuite> <!-- TestCases.VerifyLoginBoxClose -->
