<?xml version="1.0" encoding="UTF-8"?>
<!-- Generated by org.testng.reporters.JUnitReportReporter -->
<testsuite hostname="DESKTOP-H9QHVGK" name="TestCases.VerifyLoginBoxClose" tests="2" failures="0" timestamp="20 Oct 2018 16:07:12 GMT" time="31.858" errors="0">
  <testcase name="VerifyClickClose" time="15.880" classname="TestCases.VerifyLoginBoxClose"/>
  <testcase name="VerifyEscClose" time="15.978" classname="TestCases.VerifyLoginBoxClose"/>
</testsuite> <!-- TestCases.VerifyLoginBoxClose -->
