<?xml version="1.0" encoding="UTF-8"?>
<!-- Generated by org.testng.reporters.JUnitReportReporter -->
<testsuite hostname="DESKTOP-H9QHVGK" name="TestCases.VerifyLoginBoxClose" tests="2" failures="0" timestamp="18 Oct 2018 18:16:32 GMT" time="38.455" errors="0">
  <testcase name="VerifyClickClose" time="20.885" classname="TestCases.VerifyLoginBoxClose"/>
  <testcase name="VerifyEscClose" time="17.570" classname="TestCases.VerifyLoginBoxClose"/>
</testsuite> <!-- TestCases.VerifyLoginBoxClose -->
