<?xml version="1.0" encoding="UTF-8"?>
<!-- Generated by org.testng.reporters.JUnitReportReporter -->
<testsuite hostname="DESKTOP-H9QHVGK" name="TestCases.VerifyLogin" tests="1" failures="0" timestamp="18 Oct 2018 18:16:32 GMT" time="23.389" errors="0">
  <testcase name="VerifyValidLogin" time="23.389" classname="TestCases.VerifyLogin"/>
</testsuite> <!-- TestCases.VerifyLogin -->
