<?xml version="1.0" encoding="UTF-8"?>
<!-- Generated by org.testng.reporters.JUnitReportReporter -->
<testsuite hostname="DESKTOP-H9QHVGK" name="TestCases.VerifyLogin" tests="1" failures="0" timestamp="20 Oct 2018 16:07:12 GMT" time="45.461" errors="0">
  <testcase name="VerifyValidLogin" time="45.461" classname="TestCases.VerifyLogin"/>
</testsuite> <!-- TestCases.VerifyLogin -->
